ffmpeg version n6.1.3-20250831 Copyright (c) 2000-2025 the FFmpeg developers
  built with gcc 15.1.0 (crosstool-NG 1.27.0.79_8f49ec5)
  configuration: --prefix=/ffbuild/prefix --pkg-config-flags=--static --pkg-config=pkg-config --cross-prefix=x86_64-w64-mingw32- --arch=x86_64 --target-os=mingw32 --enable-gpl --enable-version3 --disable-debug --disable-w32threads --enable-pthreads --enable-iconv --enable-zlib --enable-libxml2 --enable-libvmaf --enable-fontconfig --enable-libharfbuzz --enable-libfreetype --enable-libfribidi --enable-vulkan --enable-libshaderc --enable-libvorbis --disable-libxcb --disable-xlib --disable-libpulse --enable-gmp --enable-lzma --enable-opencl --enable-amf --enable-libaom --enable-libaribb24 --enable-avisynth --enable-chromaprint --enable-libdav1d --enable-libdavs2 --disable-libfdk-aac --enable-ffnvcodec --enable-cuda-llvm --enable-frei0r --enable-libgme --enable-libkvazaar --enable-libaribcaption --enable-libass --enable-libbluray --enable-libjxl --enable-libmp3lame --enable-libopus --enable-libplacebo --enable-librist --enable-libssh --enable-libtheora --enable-libvpx --enable-libwebp --enable-libzmq --enable-lv2 --enable-libvpl --enable-openal --enable-libopencore-amrnb --enable-libopencore-amrwb --enable-libopenh264 --enable-libopenjpeg --enable-libopenmpt --enable-librav1e --enable-librubberband --enable-schannel --enable-sdl2 --enable-libsnappy --enable-libsoxr --enable-libsrt --disable-libsvtav1 --enable-libtwolame --enable-libuavs3d --disable-libdrm --enable-vaapi --enable-libvidstab --enable-libx264 --enable-libx265 --enable-libxavs2 --enable-libxvid --enable-libzimg --enable-libzvbi --extra-cflags=-DLIBTWOLAME_STATIC --extra-cxxflags= --extra-libs=-lgomp --extra-ldflags=-pthread --extra-ldexeflags= --cc=x86_64-w64-mingw32-gcc --cxx=x86_64-w64-mingw32-g++ --ar=x86_64-w64-mingw32-gcc-ar --ranlib=x86_64-w64-mingw32-gcc-ranlib --nm=x86_64-w64-mingw32-gcc-nm --extra-version=20250831
  libavutil      58. 29.100 / 58. 29.100
  libavcodec     60. 31.102 / 60. 31.102
  libavformat    60. 16.100 / 60. 16.100
  libavdevice    60.  3.100 / 60.  3.100
  libavfilter     9. 12.100 /  9. 12.100
  libswscale      7.  5.100 /  7.  5.100
  libswresample   4. 12.100 /  4. 12.100
  libpostproc    57.  3.100 / 57.  3.100
Input #0, mov,mp4,m4a,3gp,3g2,mj2, from 'C:\Users\15666\Desktop\MaritimeTargetMonitor\edgeyolo-main\edgeyolo-main\船只检测视频.mp4':
  Metadata:
    major_brand     : isom
    minor_version   : 512
    compatible_brands: isomiso2avc1mp41
    encoder         : Lavf57.71.100
    description     : Packed by Bilibili XCoder v2.0.2
  Duration: 00:00:38.68, start: 0.000000, bitrate: 2875 kb/s
  Stream #0:0[0x1](und): Video: h264 (High) (avc1 / 0x31637661), yuv420p(tv, bt709, progressive), 1920x1080 [SAR 1:1 DAR 16:9], 2550 kb/s, 30 fps, 30 tbr, 16k tbn (default)
    Metadata:
      handler_name    : VideoHandler
      vendor_id       : [0][0][0][0]
  Stream #0:1[0x2](und): Audio: aac (LC) (mp4a / 0x6134706D), 44100 Hz, stereo, fltp, 320 kb/s (default)
    Metadata:
      handler_name    : SoundHandler
      vendor_id       : [0][0][0][0]
Output #0, flv, to 'rtmp://127.0.0.1:1935/live/raw':
  Metadata:
    major_brand     : isom
    minor_version   : 512
    compatible_brands: isomiso2avc1mp41
    description     : Packed by Bilibili XCoder v2.0.2
    encoder         : Lavf60.16.100
  Stream #0:0(und): Video: h264 (High) ([7][0][0][0] / 0x0007), yuv420p(tv, bt709, progressive), 1920x1080 [SAR 1:1 DAR 16:9], q=2-31, 2550 kb/s, 30 fps, 30 tbr, 1k tbn (default)
    Metadata:
      handler_name    : VideoHandler
      vendor_id       : [0][0][0][0]
Stream mapping:
  Stream #0:0 -> #0:0 (copy)
Press [q] to stop, [?] for help
size=       0kB time=-00:00:00.10 bitrate=  -0.0kbits/s speed=N/A    size=     523kB time=00:00:01.03 bitrate=4144.9kbits/s speed=1.98x    size=     759kB time=00:00:01.56 bitrate=3970.5kbits/s speed= 1.5x    size=     931kB time=00:00:02.06 bitrate=3690.1kbits/s speed=1.34x    size=    1068kB time=00:00:02.56 bitrate=3409.4kbits/s speed=1.25x    size=    1226kB time=00:00:03.10 bitrate=3240.3kbits/s speed= 1.2x    size=    1408kB time=00:00:03.63 bitrate=3175.9kbits/s speed=1.17x    size=    1621kB time=00:00:04.16 bitrate=3186.1kbits/s speed=1.15x    size=    1832kB time=00:00:04.66 bitrate=3216.2kbits/s speed=1.13x    size=    2138kB time=00:00:05.20 bitrate=3368.5kbits/s speed=1.11x    size=    2431kB time=00:00:05.70 bitrate=3493.3kbits/s speed= 1.1x    size=    2733kB time=00:00:06.23 bitrate=3592.2kbits/s speed=1.09x    size=    3001kB time=00:00:06.76 bitrate=3633.1kbits/s speed=1.09x    size=    3248kB time=00:00:07.26 bitrate=3661.4kbits/s speed=1.08x    size=    3501kB time=00:00:07.76 bitrate=3692.9kbits/s speed=1.07x    size=    3753kB time=00:00:08.26 bitrate=3719.4kbits/s speed=1.07x    size=    4010kB time=00:00:08.80 bitrate=3733.4kbits/s speed=1.06x    size=    4258kB time=00:00:09.33 bitrate=3737.6kbits/s speed=1.06x    size=    4463kB time=00:00:09.83 bitrate=3718.1kbits/s speed=1.06x    size=    4829kB time=00:00:10.36 bitrate=3815.6kbits/s speed=1.05x    